
2025-11-18 14:07:58,611- root - INFO - Activity started
2025-11-18 14:08:06,990- root - INFO - Sign up attempt
2025-11-18 14:08:16,231- root - WARNING - Attempted duplicate username
2025-11-18 14:08:25,024- root - INFO - User created successfully
2025-11-18 14:08:28,522- root - INFO - Login attempt
2025-11-18 14:08:35,311- root - INFO - Login successful
2025-11-18 14:08:37,504- root - INFO - Viewed expenses
2025-11-18 14:08:38,638- root - INFO - Added expense
2025-11-18 14:08:39,532- root - INFO - Logged out
2025-11-18 14:50:13,415- root - INFO - Login attempt
2025-11-18 14:50:24,349- root - INFO - Incorrect password
2025-11-18 14:50:38,501- root - INFO - Incorrect username
2025-11-18 14:50:44,560- root - INFO - login aborted
2025-11-18 14:51:38,493- root - INFO - Login attempt
2025-11-18 14:51:38,495- root - INFO - Incorrect password
2025-11-18 14:51:50,421- root - INFO - Incorrect username
2025-11-18 14:51:57,172- root - INFO - Login successful
2025-11-18 14:52:32,779- root - INFO - Login attempt
2025-11-18 14:52:32,779- root - INFO - Incorrect username
2025-11-18 14:52:36,924- root - INFO - Incorrect password
2025-11-18 14:52:41,247- root - INFO - Login successful
2025-11-18 14:52:56,499- root - INFO - Login attempt
2025-11-18 14:52:56,499- root - INFO - Incorrect username
2025-11-18 14:53:00,045- root - INFO - Login successful
2025-11-18 15:00:44,806- root - INFO - Activity started
2025-11-18 15:00:51,751- root - INFO - Login attempt
2025-11-18 15:00:51,753- root - INFO - Login successful
2025-11-18 15:01:39,571- root - INFO - Activity started
2025-11-18 15:01:45,435- root - INFO - Login attempt
2025-11-18 15:01:45,437- root - INFO - Login successful
2025-11-18 15:02:09,574- root - INFO - Viewed expenses
2025-11-18 15:15:27,076- root - INFO - -------Activity started-------
2025-11-18 15:15:37,006- root - INFO - Sign up attempt
2025-11-18 15:15:39,231- root - INFO - Sign up successful
2025-11-18 15:15:48,085- root - INFO - Login attempt
2025-11-18 15:15:48,086- root - INFO - Login successful
2025-11-18 15:15:49,954- root - INFO - Logged out
2025-11-18 15:21:32,645- root - INFO - -------Activity started-------
2025-11-18 15:21:39,149- root - INFO - Sign up attempt
2025-11-18 15:21:41,468- root - INFO - Sign up successful
2025-11-18 15:21:52,758- root - INFO - Login attempt
2025-11-18 15:21:52,761- root - INFO - Login successful
2025-11-18 15:21:54,367- root - INFO - Logged out
2025-11-18 15:22:58,711- root - INFO - -------Activity started-------
2025-11-18 15:23:10,632- root - INFO - Sign up attempt
2025-11-18 15:23:34,443- root - INFO - Sign up attempt
2025-11-18 15:23:52,847- root - INFO - Login attempt
2025-11-18 15:23:52,849- root - INFO - login aborted
2025-11-18 15:25:24,445- root - INFO - -------Activity started-------
2025-11-18 15:25:32,258- root - INFO - Login attempt
2025-11-18 15:25:32,260- root - INFO - Login successful
2025-11-18 15:25:37,107- root - INFO - Logged out
2025-11-18 15:25:42,917- root - INFO - -------Activity started-------
2025-11-18 15:25:56,019- root - INFO - Login attempt
2025-11-18 15:25:56,021- root - INFO - Incorrect password
2025-11-18 15:25:58,990- root - INFO - Incorrect password
2025-11-18 15:26:03,425- root - INFO - Login successful
2025-11-18 15:26:06,128- root - INFO - Logged out
2025-11-18 15:26:08,635- root - INFO - -------Activity started-------
2025-11-18 15:26:18,385- root - INFO - Login attempt
2025-11-18 15:26:18,387- root - INFO - Incorrect username
2025-11-18 15:26:23,219- root - INFO - Incorrect password
2025-11-18 15:26:27,615- root - INFO - Login successful
2025-11-18 15:26:29,606- root - INFO - Logged out
2025-11-18 15:36:54,364- root - INFO - -------Activity started-------
2025-11-18 15:37:04,985- root - INFO - Login attempt
2025-11-18 15:37:04,987- root - INFO - Login successful
2025-11-18 15:37:15,307- root - INFO - Logged out
2025-11-18 15:38:35,909- root - INFO - -------Activity started-------
2025-11-18 15:38:44,043- root - INFO - Login attempt
2025-11-18 15:38:44,045- root - INFO - Login successful
2025-11-18 15:40:06,430- root - INFO - Logged out
2025-11-18 15:42:19,636- root - INFO - -------Activity started-------
2025-11-18 15:42:28,891- root - INFO - Login attempt
2025-11-18 15:42:28,893- root - INFO - Login successful
2025-11-18 15:42:31,317- root - INFO - Viewed expenses
2025-11-18 15:42:40,257- root - INFO - -------Activity started-------
2025-11-18 15:42:45,508- root - INFO - Login attempt
2025-11-18 15:42:45,510- root - INFO - Login successful
2025-11-18 15:42:46,872- root - INFO - Viewed expenses
2025-11-18 15:46:49,204- root - INFO - -------Activity started-------
2025-11-18 15:46:56,001- root - INFO - Login attempt
2025-11-18 15:46:56,002- root - INFO - Login successful
2025-11-18 15:46:58,092- root - INFO - Added expense
2025-11-18 15:47:56,547- root - INFO - -------Activity started-------
2025-11-18 15:48:02,317- root - INFO - Login attempt
2025-11-18 15:48:02,319- root - INFO - Login successful
2025-11-18 15:48:04,318- root - INFO - Viewed expenses
2025-11-18 15:48:06,426- root - INFO - Added expense
2025-11-18 15:48:07,379- root - INFO - Viewed expenses
2025-11-18 15:48:18,954- root - INFO - Added expense
2025-11-18 15:48:20,297- root - INFO - Viewed expenses
2025-11-18 15:48:24,978- root - INFO - Logged out
2025-11-18 15:50:11,123- root - INFO - -------Activity started-------
2025-11-18 15:50:17,612- root - INFO - Login attempt
2025-11-18 15:50:17,614- root - INFO - Login successful
2025-11-18 15:50:19,695- root - INFO - Viewed expenses
2025-11-18 15:50:21,544- root - INFO - Added expense
2025-11-18 15:50:40,202- root - INFO - Viewed expenses
2025-11-18 15:50:47,742- root - INFO - Added expense
2025-11-18 15:51:05,996- root - INFO - Viewed expenses
2025-11-18 15:51:11,121- root - INFO - Logged out
2025-11-18 15:54:15,904- root - INFO - -------Activity started-------
2025-11-18 15:54:25,468- root - INFO - Login attempt
2025-11-18 15:54:25,470- root - INFO - Login successful
2025-11-18 15:54:29,540- root - INFO - Logged out
2025-11-18 15:54:37,274- root - INFO - -------Activity started-------
2025-11-18 15:54:44,021- root - INFO - Login attempt
2025-11-18 15:54:44,023- root - INFO - Login successful
2025-11-18 15:54:45,274- root - INFO - Viewed expenses
2025-11-18 15:54:47,123- root - INFO - Added expense
2025-11-18 15:55:42,467- root - INFO - -------Activity started-------
2025-11-18 15:55:48,494- root - INFO - Login attempt
2025-11-18 15:57:53,554- root - INFO - -------Activity started-------
2025-11-18 15:58:00,337- root - INFO - Login attempt
2025-11-18 15:58:11,085- root - INFO - -------Activity started-------
2025-11-18 15:58:23,169- root - INFO - Sign up attempt
2025-11-18 16:00:00,499- root - INFO - -------Activity started-------
2025-11-18 16:00:09,800- root - INFO - Login attempt
2025-11-18 16:00:17,281- root - INFO - Logged out
2025-11-18 16:00:48,223- root - INFO - -------Activity started-------
2025-11-18 16:00:52,271- root - INFO - Login attempt
2025-11-18 16:00:52,274- root - ERROR - Employees not found. Login failed
2025-11-18 16:01:05,815- root - INFO - -------Activity started-------
2025-11-18 16:01:14,744- root - INFO - Sign up attempt
2025-11-18 16:01:26,897- root - INFO - Login attempt
2025-11-18 16:01:26,898- root - INFO - Login successful
2025-11-18 16:01:28,572- root - INFO - Viewed expenses
2025-11-18 16:01:31,128- root - INFO - Added expense
2025-11-18 16:01:51,914- root - INFO - Viewed expenses
2025-11-18 16:02:12,681- root - INFO - Logged out
2025-11-18 16:03:53,509- root - INFO - -------Activity started-------
2025-11-18 16:03:58,867- root - INFO - Login attempt
2025-11-18 16:03:58,869- root - INFO - Login successful
2025-11-18 16:04:03,486- root - INFO - Viewed expenses
2025-11-18 16:04:08,305- root - INFO - Added expense
2025-11-18 16:04:29,493- root - INFO - Viewed expenses
2025-11-18 16:04:44,375- root - INFO - Added expense
2025-11-18 16:04:59,208- root - INFO - Viewed expenses
2025-11-18 16:05:11,493- root - INFO - Logged out
2025-11-18 16:05:29,693- root - INFO - -------Activity started-------
2025-11-18 16:05:35,104- root - INFO - Login attempt
2025-11-18 16:05:35,105- root - INFO - Login successful
2025-11-18 16:05:36,564- root - INFO - Viewed expenses
2025-11-18 16:05:39,255- root - INFO - Logged out
2025-11-18 16:06:33,686- root - INFO - -------Activity started-------
2025-11-18 16:06:39,581- root - INFO - Login attempt
2025-11-18 16:06:39,583- root - INFO - Login successful
2025-11-18 16:06:41,059- root - INFO - Viewed expenses
2025-11-18 16:06:47,508- root - INFO - Logged out
2025-11-18 16:09:20,711- root - INFO - -------Activity started-------
2025-11-18 16:09:27,434- root - INFO - Login attempt
2025-11-18 16:09:27,436- root - INFO - Login successful
2025-11-18 16:09:31,275- root - INFO - Viewed expenses
2025-11-18 16:09:45,570- root - INFO - Logged out
2025-11-18 16:09:48,582- root - INFO - -------Activity started-------
2025-11-18 16:09:56,994- root - INFO - Sign up attempt
2025-11-18 16:10:07,966- root - INFO - Login attempt
2025-11-18 16:10:07,967- root - INFO - Login successful
2025-11-18 16:10:09,971- root - INFO - Viewed expenses
2025-11-18 16:10:11,834- root - INFO - Added expense
2025-11-18 16:10:35,821- root - INFO - Viewed expenses
2025-11-18 16:10:38,956- root - INFO - Logged out
2025-11-18 16:12:19,638- root - INFO - -------Activity started-------
2025-11-18 16:12:25,483- root - INFO - Login attempt
2025-11-18 16:12:25,484- root - INFO - Login successful
2025-11-18 16:12:26,942- root - INFO - Viewed expenses
2025-11-18 16:12:30,045- root - INFO - Added expense
2025-11-18 16:12:49,793- root - INFO - Viewed expenses
2025-11-18 16:13:01,019- root - INFO - Logged out
2025-11-18 16:13:04,682- root - INFO - -------Activity started-------
2025-11-18 16:13:11,191- root - INFO - Login attempt
2025-11-18 16:13:11,192- root - INFO - Login successful
2025-11-18 16:13:12,618- root - INFO - Viewed expenses
2025-11-18 16:13:15,213- root - INFO - Added expense
2025-11-18 16:13:41,108- root - INFO - Viewed expenses
2025-11-18 16:14:01,635- root - INFO - Logged out
2025-11-18 16:15:10,483- root - INFO - -------Activity started-------
2025-11-18 16:15:17,661- root - INFO - Login attempt
2025-11-18 16:15:17,663- root - INFO - Login successful
2025-11-18 16:15:19,394- root - INFO - Viewed expenses
2025-11-18 16:15:23,901- root - INFO - Added expense
2025-11-18 16:16:54,395- root - INFO - Logged out
2025-11-18 16:21:08,404- root - INFO - -------Activity started-------
2025-11-18 16:24:38,970- root - INFO - -------Activity started-------
2025-11-19 09:05:17,556- root - INFO - -------Activity started-------
2025-11-19 09:05:26,467- root - INFO - Login attempt
2025-11-19 09:05:26,467- root - INFO - Login successful
2025-11-19 09:05:30,230- root - INFO - Viewed expenses
2025-11-19 09:05:34,231- root - INFO - Logged out
2025-11-19 09:06:53,316- root - INFO - -------Activity started-------
2025-11-19 09:06:59,990- root - INFO - Login attempt
2025-11-19 09:06:59,993- root - INFO - Login successful
2025-11-19 09:07:05,611- root - INFO - Viewed expenses
2025-11-19 09:07:09,183- root - INFO - remove expense
2025-11-19 09:07:58,790- root - INFO - -------Activity started-------
2025-11-19 09:08:04,266- root - INFO - Login attempt
2025-11-19 09:08:04,268- root - INFO - Login successful
2025-11-19 09:08:05,187- root - INFO - Viewed expenses
2025-11-19 09:08:09,755- root - INFO - remove expense
2025-11-19 09:08:14,844- root - INFO - Viewed expenses
2025-11-19 09:08:23,712- root - INFO - Logged out
2025-11-19 11:46:23,571- root - INFO - -------Activity started-------
2025-11-19 11:46:29,687- root - INFO - Login attempt
2025-11-19 11:46:29,688- root - INFO - Login successful
2025-11-19 11:46:32,216- root - INFO - Viewed expenses
2025-11-19 11:46:38,666- root - INFO - Added expense
2025-11-19 11:47:01,003- root - INFO - Viewed expenses
2025-11-19 11:47:03,689- root - INFO - Edited expense
2025-11-19 11:48:32,539- root - INFO - -------Activity started-------
2025-11-19 11:48:39,032- root - INFO - Login attempt
2025-11-19 11:48:39,033- root - INFO - Login successful
2025-11-19 11:48:40,321- root - INFO - Viewed expenses
2025-11-19 11:48:44,302- root - INFO - Edited expense
2025-11-19 11:48:57,557- root - INFO - Viewed expenses
2025-11-19 11:48:59,945- root - INFO - Edited expense
2025-11-19 11:52:20,836- root - INFO - -------Activity started-------
2025-11-19 11:52:27,515- root - INFO - Login attempt
2025-11-19 11:52:27,516- root - INFO - Login successful
2025-11-19 11:52:29,273- root - INFO - Viewed expenses
2025-11-19 11:52:34,960- root - INFO - Edited expense
2025-11-19 11:52:44,304- root - INFO - Viewed expenses
2025-11-19 11:53:00,431- root - INFO - Logged out
2025-11-19 13:26:23,757- root - INFO - -------Activity started-------
2025-11-19 13:26:29,924- root - INFO - Login attempt
2025-11-19 13:26:29,925- root - INFO - Login successful
2025-11-19 13:26:38,283- root - INFO - Viewed expenses
2025-11-19 13:26:44,337- root - INFO - Edited expense
2025-11-19 13:38:37,839- root - INFO - Added expense
2025-11-19 13:38:52,800- root - INFO - -------Activity started-------
2025-11-19 13:38:59,227- root - INFO - Login attempt
2025-11-19 13:38:59,230- root - INFO - Login successful
2025-11-19 13:39:01,036- root - INFO - Viewed expenses
2025-11-19 13:39:07,514- root - INFO - Edited expense
2025-11-19 13:39:32,550- root - INFO - Logged out
2025-11-19 15:36:48,302- root - INFO - -------Activity started-------
2025-11-19 15:37:10,472- root - INFO - Login attempt
2025-11-19 15:37:10,475- root - INFO - Login successful
2025-11-19 15:37:21,982- root - INFO - Viewed expenses
2025-11-19 15:37:34,256- root - INFO - Added expense
2025-11-19 15:38:13,389- root - INFO - Viewed expenses
2025-11-19 15:39:02,501- root - INFO - remove expense
2025-11-19 15:51:41,680- root - INFO - -------Activity started-------
2025-11-19 15:51:49,008- root - INFO - Login attempt
2025-11-19 15:51:49,008- root - INFO - Incorrect username
2025-11-19 15:52:01,659- root - INFO - Incorrect password
2025-11-19 15:52:13,540- root - INFO - Login successful
2025-11-19 15:52:25,255- root - INFO - Logged out
2025-11-19 15:52:54,186- root - INFO - -------Activity started-------
2025-11-19 15:53:00,630- root - INFO - Login attempt
2025-11-19 15:53:00,632- root - INFO - Login successful
2025-11-19 15:53:06,504- root - INFO - Logged out
2025-11-19 15:55:32,685- root - INFO - -------Activity started-------
2025-11-19 15:55:43,336- root - INFO - Login attempt
2025-11-19 15:55:43,337- root - INFO - Incorrect username
2025-11-19 15:55:50,644- root - INFO - Incorrect password
2025-11-19 15:56:00,715- root - INFO - Login successful
2025-11-19 15:56:27,689- root - INFO - Logged out
2025-11-19 15:56:33,785- root - INFO - -------Activity started-------
2025-11-19 15:56:36,584- root - INFO - Login attempt
2025-11-19 15:56:36,585- root - INFO - Incorrect username
2025-11-19 15:56:40,957- root - INFO - Incorrect password
2025-11-19 15:56:45,627- root - INFO - Login successful
2025-11-19 15:56:47,345- root - INFO - Logged out
2025-11-19 15:57:26,309- root - INFO - -------Activity started-------
2025-11-19 15:57:28,860- root - INFO - Login attempt
2025-11-19 15:57:28,862- root - INFO - Incorrect username
2025-11-19 15:57:36,023- root - INFO - Incorrect password
2025-11-19 15:57:37,594- root - INFO - Incorrect password
2025-11-19 15:57:40,341- root - INFO - Login successful
2025-11-19 15:58:37,799- root - INFO - Logged out
2025-11-19 15:58:39,854- root - INFO - -------Activity started-------
2025-11-19 15:58:42,787- root - INFO - Login attempt
2025-11-19 15:58:42,789- root - INFO - Incorrect username
2025-11-19 15:58:47,411- root - INFO - Incorrect username
2025-11-19 15:58:52,167- root - INFO - Incorrect password
2025-11-19 15:58:53,168- root - INFO - Incorrect password
2025-11-19 15:58:53,915- root - INFO - Incorrect password
2025-11-19 15:59:00,456- root - INFO - Logged out
2025-11-19 15:59:34,930- root - INFO - -------Activity started-------
2025-11-19 15:59:39,598- root - INFO - Login attempt
2025-11-19 15:59:40,291- root - INFO - Incorrect password
2025-11-19 15:59:40,716- root - INFO - Incorrect password
2025-11-19 15:59:41,078- root - INFO - Incorrect password
2025-11-19 16:00:01,628- root - INFO - Logged out
2025-11-19 16:00:48,877- root - INFO - -------Activity started-------
2025-11-19 16:00:52,218- root - INFO - Login attempt
2025-11-19 16:00:53,173- root - INFO - Incorrect password
2025-11-19 16:00:54,109- root - INFO - Incorrect password
2025-11-19 16:00:54,736- root - INFO - Incorrect password
2025-11-19 16:01:02,733- root - INFO - Login attempt
2025-11-19 16:01:02,735- root - INFO - login aborted
2025-11-19 16:03:21,279- root - INFO - -------Activity started-------
2025-11-19 16:03:27,966- root - INFO - Login attempt
2025-11-19 16:03:28,736- root - INFO - Incorrect password
2025-11-19 16:03:29,600- root - INFO - Incorrect password
2025-11-19 16:03:56,324- root - INFO - -------Activity started-------
2025-11-19 16:04:00,057- root - INFO - Login attempt
2025-11-19 16:04:01,467- root - INFO - Incorrect password
2025-11-19 16:04:02,085- root - INFO - Incorrect password
2025-11-19 16:05:08,399- root - INFO - -------Activity started-------
2025-11-19 16:05:12,642- root - INFO - Login attempt
2025-11-19 16:05:14,236- root - INFO - Incorrect password
2025-11-19 16:05:14,989- root - INFO - Incorrect password
2025-11-19 16:05:16,414- root - INFO - Incorrect password
2025-11-19 16:05:23,836- root - INFO - Login attempt
2025-11-19 16:05:26,281- root - INFO - Incorrect password
2025-11-19 16:05:26,722- root - INFO - Incorrect password
2025-11-19 16:05:29,083- root - INFO - Login successful
2025-11-19 16:07:25,518- root - INFO - -------Activity started-------
2025-11-19 16:07:35,688- root - INFO - Login attempt
2025-11-19 16:07:35,690- root - INFO - Incorrect username
2025-11-19 16:07:42,622- root - INFO - Incorrect password
2025-11-19 16:07:45,854- root - INFO - Login successful
2025-11-19 16:07:52,423- root - INFO - Login attempt
2025-11-19 16:07:52,425- root - INFO - Incorrect username
2025-11-19 16:08:45,483- root - INFO - Login successful
2025-11-19 16:08:56,818- root - INFO - Login attempt
2025-11-19 16:08:56,821- root - INFO - login aborted
2025-11-19 16:16:13,908- root - INFO - -------Activity started-------
2025-11-19 16:16:22,156- root - INFO - Login attempt
2025-11-19 16:16:25,286- root - INFO - Login successful
2025-11-19 16:23:01,798- root - INFO - -------Activity started-------
2025-11-19 16:23:06,044- root - INFO - Login attempt
2025-11-19 16:23:07,817- root - INFO - Login successful
2025-11-19 16:23:13,561- root - INFO - Logged out
2025-11-19 16:23:16,601- root - INFO - -------Activity started-------
2025-11-19 16:23:21,607- root - INFO - Login attempt
2025-11-19 16:24:48,588- root - INFO - -------Activity started-------
2025-11-19 16:24:52,248- root - INFO - Login attempt
2025-11-19 16:25:01,812- root - INFO - Login attempt
2025-11-19 16:25:07,527- root - INFO - Login successful
2025-11-19 16:25:10,380- root - INFO - Logged out
2025-11-19 16:26:04,370- root - INFO - -------Activity started-------
2025-11-19 16:26:09,108- root - INFO - Login attempt
2025-11-19 16:26:29,938- root - INFO - Login attempt
2025-11-19 16:26:32,090- root - INFO - Login successful
2025-11-19 16:26:44,173- root - INFO - Logged out
2025-11-19 16:27:07,037- root - INFO - -------Activity started-------
2025-11-19 16:27:10,472- root - INFO - Login attempt
2025-11-19 16:27:16,481- root - INFO - Login successful
2025-11-19 16:27:18,635- root - INFO - Viewed expenses
2025-11-19 16:28:05,324- root - INFO - Logged out
2025-11-19 16:37:39,980- root - INFO - -------Activity started-------
2025-11-19 16:37:48,289- root - INFO - Login attempt
2025-11-19 16:37:58,577- root - INFO - Login attempt
2025-11-19 16:37:58,579- root - INFO - Incorrect username
2025-11-19 16:38:03,653- root - INFO - Login successful
2025-11-19 16:38:09,428- root - INFO - Viewed expenses
2025-11-19 16:38:37,628- root - INFO - Logged out
2025-11-20 14:53:50,685- root - INFO - -------Activity started-------
