
2025-11-18 14:07:58,611- root - INFO - Activity started
2025-11-18 14:08:06,990- root - INFO - Sign up attempt
2025-11-18 14:08:16,231- root - WARNING - Attempted duplicate username
2025-11-18 14:08:25,024- root - INFO - User created successfully
2025-11-18 14:08:28,522- root - INFO - Login attempt
2025-11-18 14:08:35,311- root - INFO - Login successful
2025-11-18 14:08:37,504- root - INFO - Viewed expenses
2025-11-18 14:08:38,638- root - INFO - Added expense
2025-11-18 14:08:39,532- root - INFO - Logged out
2025-11-18 14:50:13,415- root - INFO - Login attempt
2025-11-18 14:50:24,349- root - INFO - Incorrect password
2025-11-18 14:50:38,501- root - INFO - Incorrect username
2025-11-18 14:50:44,560- root - INFO - login aborted
2025-11-18 14:51:38,493- root - INFO - Login attempt
2025-11-18 14:51:38,495- root - INFO - Incorrect password
2025-11-18 14:51:50,421- root - INFO - Incorrect username
2025-11-18 14:51:57,172- root - INFO - Login successful
2025-11-18 14:52:32,779- root - INFO - Login attempt
2025-11-18 14:52:32,779- root - INFO - Incorrect username
2025-11-18 14:52:36,924- root - INFO - Incorrect password
2025-11-18 14:52:41,247- root - INFO - Login successful
2025-11-18 14:52:56,499- root - INFO - Login attempt
2025-11-18 14:52:56,499- root - INFO - Incorrect username
2025-11-18 14:53:00,045- root - INFO - Login successful
2025-11-18 15:00:44,806- root - INFO - Activity started
2025-11-18 15:00:51,751- root - INFO - Login attempt
2025-11-18 15:00:51,753- root - INFO - Login successful
2025-11-18 15:01:39,571- root - INFO - Activity started
2025-11-18 15:01:45,435- root - INFO - Login attempt
2025-11-18 15:01:45,437- root - INFO - Login successful
2025-11-18 15:02:09,574- root - INFO - Viewed expenses
2025-11-18 15:15:27,076- root - INFO - -------Activity started-------
2025-11-18 15:15:37,006- root - INFO - Sign up attempt
2025-11-18 15:15:39,231- root - INFO - Sign up successful
2025-11-18 15:15:48,085- root - INFO - Login attempt
2025-11-18 15:15:48,086- root - INFO - Login successful
2025-11-18 15:15:49,954- root - INFO - Logged out
2025-11-18 15:21:32,645- root - INFO - -------Activity started-------
2025-11-18 15:21:39,149- root - INFO - Sign up attempt
2025-11-18 15:21:41,468- root - INFO - Sign up successful
2025-11-18 15:21:52,758- root - INFO - Login attempt
2025-11-18 15:21:52,761- root - INFO - Login successful
2025-11-18 15:21:54,367- root - INFO - Logged out
2025-11-18 15:22:58,711- root - INFO - -------Activity started-------
2025-11-18 15:23:10,632- root - INFO - Sign up attempt
2025-11-18 15:23:34,443- root - INFO - Sign up attempt
2025-11-18 15:23:52,847- root - INFO - Login attempt
2025-11-18 15:23:52,849- root - INFO - login aborted
2025-11-18 15:25:24,445- root - INFO - -------Activity started-------
2025-11-18 15:25:32,258- root - INFO - Login attempt
2025-11-18 15:25:32,260- root - INFO - Login successful
2025-11-18 15:25:37,107- root - INFO - Logged out
2025-11-18 15:25:42,917- root - INFO - -------Activity started-------
2025-11-18 15:25:56,019- root - INFO - Login attempt
2025-11-18 15:25:56,021- root - INFO - Incorrect password
2025-11-18 15:25:58,990- root - INFO - Incorrect password
2025-11-18 15:26:03,425- root - INFO - Login successful
2025-11-18 15:26:06,128- root - INFO - Logged out
2025-11-18 15:26:08,635- root - INFO - -------Activity started-------
2025-11-18 15:26:18,385- root - INFO - Login attempt
2025-11-18 15:26:18,387- root - INFO - Incorrect username
2025-11-18 15:26:23,219- root - INFO - Incorrect password
2025-11-18 15:26:27,615- root - INFO - Login successful
2025-11-18 15:26:29,606- root - INFO - Logged out
2025-11-18 15:36:54,364- root - INFO - -------Activity started-------
2025-11-18 15:37:04,985- root - INFO - Login attempt
2025-11-18 15:37:04,987- root - INFO - Login successful
2025-11-18 15:37:15,307- root - INFO - Logged out
2025-11-18 15:38:35,909- root - INFO - -------Activity started-------
2025-11-18 15:38:44,043- root - INFO - Login attempt
2025-11-18 15:38:44,045- root - INFO - Login successful
2025-11-18 15:40:06,430- root - INFO - Logged out
2025-11-18 15:42:19,636- root - INFO - -------Activity started-------
2025-11-18 15:42:28,891- root - INFO - Login attempt
2025-11-18 15:42:28,893- root - INFO - Login successful
2025-11-18 15:42:31,317- root - INFO - Viewed expenses
2025-11-18 15:42:40,257- root - INFO - -------Activity started-------
2025-11-18 15:42:45,508- root - INFO - Login attempt
2025-11-18 15:42:45,510- root - INFO - Login successful
2025-11-18 15:42:46,872- root - INFO - Viewed expenses
2025-11-18 15:46:49,204- root - INFO - -------Activity started-------
2025-11-18 15:46:56,001- root - INFO - Login attempt
2025-11-18 15:46:56,002- root - INFO - Login successful
2025-11-18 15:46:58,092- root - INFO - Added expense
2025-11-18 15:47:56,547- root - INFO - -------Activity started-------
2025-11-18 15:48:02,317- root - INFO - Login attempt
2025-11-18 15:48:02,319- root - INFO - Login successful
2025-11-18 15:48:04,318- root - INFO - Viewed expenses
2025-11-18 15:48:06,426- root - INFO - Added expense
2025-11-18 15:48:07,379- root - INFO - Viewed expenses
2025-11-18 15:48:18,954- root - INFO - Added expense
2025-11-18 15:48:20,297- root - INFO - Viewed expenses
2025-11-18 15:48:24,978- root - INFO - Logged out
2025-11-18 15:50:11,123- root - INFO - -------Activity started-------
2025-11-18 15:50:17,612- root - INFO - Login attempt
2025-11-18 15:50:17,614- root - INFO - Login successful
2025-11-18 15:50:19,695- root - INFO - Viewed expenses
2025-11-18 15:50:21,544- root - INFO - Added expense
2025-11-18 15:50:40,202- root - INFO - Viewed expenses
2025-11-18 15:50:47,742- root - INFO - Added expense
2025-11-18 15:51:05,996- root - INFO - Viewed expenses
2025-11-18 15:51:11,121- root - INFO - Logged out
2025-11-18 15:54:15,904- root - INFO - -------Activity started-------
2025-11-18 15:54:25,468- root - INFO - Login attempt
2025-11-18 15:54:25,470- root - INFO - Login successful
2025-11-18 15:54:29,540- root - INFO - Logged out
2025-11-18 15:54:37,274- root - INFO - -------Activity started-------
2025-11-18 15:54:44,021- root - INFO - Login attempt
2025-11-18 15:54:44,023- root - INFO - Login successful
2025-11-18 15:54:45,274- root - INFO - Viewed expenses
2025-11-18 15:54:47,123- root - INFO - Added expense
2025-11-18 15:55:42,467- root - INFO - -------Activity started-------
2025-11-18 15:55:48,494- root - INFO - Login attempt
2025-11-18 15:57:53,554- root - INFO - -------Activity started-------
2025-11-18 15:58:00,337- root - INFO - Login attempt
2025-11-18 15:58:11,085- root - INFO - -------Activity started-------
2025-11-18 15:58:23,169- root - INFO - Sign up attempt
2025-11-18 16:00:00,499- root - INFO - -------Activity started-------
2025-11-18 16:00:09,800- root - INFO - Login attempt
2025-11-18 16:00:17,281- root - INFO - Logged out
2025-11-18 16:00:48,223- root - INFO - -------Activity started-------
2025-11-18 16:00:52,271- root - INFO - Login attempt
2025-11-18 16:00:52,274- root - ERROR - Employees not found. Login failed
2025-11-18 16:01:05,815- root - INFO - -------Activity started-------
2025-11-18 16:01:14,744- root - INFO - Sign up attempt
2025-11-18 16:01:26,897- root - INFO - Login attempt
2025-11-18 16:01:26,898- root - INFO - Login successful
2025-11-18 16:01:28,572- root - INFO - Viewed expenses
2025-11-18 16:01:31,128- root - INFO - Added expense
2025-11-18 16:01:51,914- root - INFO - Viewed expenses
2025-11-18 16:02:12,681- root - INFO - Logged out
2025-11-18 16:03:53,509- root - INFO - -------Activity started-------
2025-11-18 16:03:58,867- root - INFO - Login attempt
2025-11-18 16:03:58,869- root - INFO - Login successful
2025-11-18 16:04:03,486- root - INFO - Viewed expenses
2025-11-18 16:04:08,305- root - INFO - Added expense
2025-11-18 16:04:29,493- root - INFO - Viewed expenses
2025-11-18 16:04:44,375- root - INFO - Added expense
2025-11-18 16:04:59,208- root - INFO - Viewed expenses
2025-11-18 16:05:11,493- root - INFO - Logged out
2025-11-18 16:05:29,693- root - INFO - -------Activity started-------
2025-11-18 16:05:35,104- root - INFO - Login attempt
2025-11-18 16:05:35,105- root - INFO - Login successful
2025-11-18 16:05:36,564- root - INFO - Viewed expenses
2025-11-18 16:05:39,255- root - INFO - Logged out
2025-11-18 16:06:33,686- root - INFO - -------Activity started-------
2025-11-18 16:06:39,581- root - INFO - Login attempt
2025-11-18 16:06:39,583- root - INFO - Login successful
2025-11-18 16:06:41,059- root - INFO - Viewed expenses
2025-11-18 16:06:47,508- root - INFO - Logged out
2025-11-18 16:09:20,711- root - INFO - -------Activity started-------
2025-11-18 16:09:27,434- root - INFO - Login attempt
2025-11-18 16:09:27,436- root - INFO - Login successful
2025-11-18 16:09:31,275- root - INFO - Viewed expenses
2025-11-18 16:09:45,570- root - INFO - Logged out
2025-11-18 16:09:48,582- root - INFO - -------Activity started-------
2025-11-18 16:09:56,994- root - INFO - Sign up attempt
2025-11-18 16:10:07,966- root - INFO - Login attempt
2025-11-18 16:10:07,967- root - INFO - Login successful
2025-11-18 16:10:09,971- root - INFO - Viewed expenses
2025-11-18 16:10:11,834- root - INFO - Added expense
2025-11-18 16:10:35,821- root - INFO - Viewed expenses
2025-11-18 16:10:38,956- root - INFO - Logged out
2025-11-18 16:12:19,638- root - INFO - -------Activity started-------
2025-11-18 16:12:25,483- root - INFO - Login attempt
2025-11-18 16:12:25,484- root - INFO - Login successful
2025-11-18 16:12:26,942- root - INFO - Viewed expenses
2025-11-18 16:12:30,045- root - INFO - Added expense
2025-11-18 16:12:49,793- root - INFO - Viewed expenses
2025-11-18 16:13:01,019- root - INFO - Logged out
2025-11-18 16:13:04,682- root - INFO - -------Activity started-------
2025-11-18 16:13:11,191- root - INFO - Login attempt
2025-11-18 16:13:11,192- root - INFO - Login successful
2025-11-18 16:13:12,618- root - INFO - Viewed expenses
2025-11-18 16:13:15,213- root - INFO - Added expense
2025-11-18 16:13:41,108- root - INFO - Viewed expenses
2025-11-18 16:14:01,635- root - INFO - Logged out
2025-11-18 16:15:10,483- root - INFO - -------Activity started-------
2025-11-18 16:15:17,661- root - INFO - Login attempt
2025-11-18 16:15:17,663- root - INFO - Login successful
2025-11-18 16:15:19,394- root - INFO - Viewed expenses
2025-11-18 16:15:23,901- root - INFO - Added expense
2025-11-18 16:16:54,395- root - INFO - Logged out
2025-11-18 16:21:08,404- root - INFO - -------Activity started-------
2025-11-18 16:24:38,970- root - INFO - -------Activity started-------
2025-11-19 09:05:17,556- root - INFO - -------Activity started-------
2025-11-19 09:05:26,467- root - INFO - Login attempt
2025-11-19 09:05:26,467- root - INFO - Login successful
2025-11-19 09:05:30,230- root - INFO - Viewed expenses
2025-11-19 09:05:34,231- root - INFO - Logged out
2025-11-19 09:06:53,316- root - INFO - -------Activity started-------
2025-11-19 09:06:59,990- root - INFO - Login attempt
2025-11-19 09:06:59,993- root - INFO - Login successful
2025-11-19 09:07:05,611- root - INFO - Viewed expenses
2025-11-19 09:07:09,183- root - INFO - remove expense
2025-11-19 09:07:58,790- root - INFO - -------Activity started-------
2025-11-19 09:08:04,266- root - INFO - Login attempt
2025-11-19 09:08:04,268- root - INFO - Login successful
2025-11-19 09:08:05,187- root - INFO - Viewed expenses
2025-11-19 09:08:09,755- root - INFO - remove expense
2025-11-19 09:08:14,844- root - INFO - Viewed expenses
2025-11-19 09:08:23,712- root - INFO - Logged out
2025-11-19 11:46:23,571- root - INFO - -------Activity started-------
2025-11-19 11:46:29,687- root - INFO - Login attempt
2025-11-19 11:46:29,688- root - INFO - Login successful
2025-11-19 11:46:32,216- root - INFO - Viewed expenses
2025-11-19 11:46:38,666- root - INFO - Added expense
2025-11-19 11:47:01,003- root - INFO - Viewed expenses
2025-11-19 11:47:03,689- root - INFO - Edited expense
2025-11-19 11:48:32,539- root - INFO - -------Activity started-------
2025-11-19 11:48:39,032- root - INFO - Login attempt
2025-11-19 11:48:39,033- root - INFO - Login successful
2025-11-19 11:48:40,321- root - INFO - Viewed expenses
2025-11-19 11:48:44,302- root - INFO - Edited expense
2025-11-19 11:48:57,557- root - INFO - Viewed expenses
2025-11-19 11:48:59,945- root - INFO - Edited expense
2025-11-19 11:52:20,836- root - INFO - -------Activity started-------
2025-11-19 11:52:27,515- root - INFO - Login attempt
2025-11-19 11:52:27,516- root - INFO - Login successful
2025-11-19 11:52:29,273- root - INFO - Viewed expenses
2025-11-19 11:52:34,960- root - INFO - Edited expense
2025-11-19 11:52:44,304- root - INFO - Viewed expenses
2025-11-19 11:53:00,431- root - INFO - Logged out
2025-11-19 13:26:23,757- root - INFO - -------Activity started-------
2025-11-19 13:26:29,924- root - INFO - Login attempt
2025-11-19 13:26:29,925- root - INFO - Login successful
2025-11-19 13:26:38,283- root - INFO - Viewed expenses
2025-11-19 13:26:44,337- root - INFO - Edited expense
2025-11-19 13:38:37,839- root - INFO - Added expense
2025-11-19 13:38:52,800- root - INFO - -------Activity started-------
2025-11-19 13:38:59,227- root - INFO - Login attempt
2025-11-19 13:38:59,230- root - INFO - Login successful
2025-11-19 13:39:01,036- root - INFO - Viewed expenses
2025-11-19 13:39:07,514- root - INFO - Edited expense
2025-11-19 13:39:32,550- root - INFO - Logged out
2025-11-19 15:36:48,302- root - INFO - -------Activity started-------
2025-11-19 15:37:10,472- root - INFO - Login attempt
2025-11-19 15:37:10,475- root - INFO - Login successful
2025-11-19 15:37:21,982- root - INFO - Viewed expenses
2025-11-19 15:37:34,256- root - INFO - Added expense
2025-11-19 15:38:13,389- root - INFO - Viewed expenses
2025-11-19 15:39:02,501- root - INFO - remove expense
2025-11-19 15:51:41,680- root - INFO - -------Activity started-------
2025-11-19 15:51:49,008- root - INFO - Login attempt
2025-11-19 15:51:49,008- root - INFO - Incorrect username
2025-11-19 15:52:01,659- root - INFO - Incorrect password
2025-11-19 15:52:13,540- root - INFO - Login successful
2025-11-19 15:52:25,255- root - INFO - Logged out
2025-11-19 15:52:54,186- root - INFO - -------Activity started-------
2025-11-19 15:53:00,630- root - INFO - Login attempt
2025-11-19 15:53:00,632- root - INFO - Login successful
2025-11-19 15:53:06,504- root - INFO - Logged out
2025-11-19 15:55:32,685- root - INFO - -------Activity started-------
2025-11-19 15:55:43,336- root - INFO - Login attempt
2025-11-19 15:55:43,337- root - INFO - Incorrect username
2025-11-19 15:55:50,644- root - INFO - Incorrect password
2025-11-19 15:56:00,715- root - INFO - Login successful
2025-11-19 15:56:27,689- root - INFO - Logged out
2025-11-19 15:56:33,785- root - INFO - -------Activity started-------
2025-11-19 15:56:36,584- root - INFO - Login attempt
2025-11-19 15:56:36,585- root - INFO - Incorrect username
2025-11-19 15:56:40,957- root - INFO - Incorrect password
2025-11-19 15:56:45,627- root - INFO - Login successful
2025-11-19 15:56:47,345- root - INFO - Logged out
2025-11-19 15:57:26,309- root - INFO - -------Activity started-------
2025-11-19 15:57:28,860- root - INFO - Login attempt
2025-11-19 15:57:28,862- root - INFO - Incorrect username
2025-11-19 15:57:36,023- root - INFO - Incorrect password
2025-11-19 15:57:37,594- root - INFO - Incorrect password
2025-11-19 15:57:40,341- root - INFO - Login successful
2025-11-19 15:58:37,799- root - INFO - Logged out
2025-11-19 15:58:39,854- root - INFO - -------Activity started-------
2025-11-19 15:58:42,787- root - INFO - Login attempt
2025-11-19 15:58:42,789- root - INFO - Incorrect username
2025-11-19 15:58:47,411- root - INFO - Incorrect username
2025-11-19 15:58:52,167- root - INFO - Incorrect password
2025-11-19 15:58:53,168- root - INFO - Incorrect password
2025-11-19 15:58:53,915- root - INFO - Incorrect password
2025-11-19 15:59:00,456- root - INFO - Logged out
2025-11-19 15:59:34,930- root - INFO - -------Activity started-------
2025-11-19 15:59:39,598- root - INFO - Login attempt
2025-11-19 15:59:40,291- root - INFO - Incorrect password
2025-11-19 15:59:40,716- root - INFO - Incorrect password
2025-11-19 15:59:41,078- root - INFO - Incorrect password
2025-11-19 16:00:01,628- root - INFO - Logged out
2025-11-19 16:00:48,877- root - INFO - -------Activity started-------
2025-11-19 16:00:52,218- root - INFO - Login attempt
2025-11-19 16:00:53,173- root - INFO - Incorrect password
2025-11-19 16:00:54,109- root - INFO - Incorrect password
2025-11-19 16:00:54,736- root - INFO - Incorrect password
2025-11-19 16:01:02,733- root - INFO - Login attempt
2025-11-19 16:01:02,735- root - INFO - login aborted
2025-11-19 16:03:21,279- root - INFO - -------Activity started-------
2025-11-19 16:03:27,966- root - INFO - Login attempt
2025-11-19 16:03:28,736- root - INFO - Incorrect password
2025-11-19 16:03:29,600- root - INFO - Incorrect password
2025-11-19 16:03:56,324- root - INFO - -------Activity started-------
2025-11-19 16:04:00,057- root - INFO - Login attempt
2025-11-19 16:04:01,467- root - INFO - Incorrect password
2025-11-19 16:04:02,085- root - INFO - Incorrect password
2025-11-19 16:05:08,399- root - INFO - -------Activity started-------
2025-11-19 16:05:12,642- root - INFO - Login attempt
2025-11-19 16:05:14,236- root - INFO - Incorrect password
2025-11-19 16:05:14,989- root - INFO - Incorrect password
2025-11-19 16:05:16,414- root - INFO - Incorrect password
2025-11-19 16:05:23,836- root - INFO - Login attempt
2025-11-19 16:05:26,281- root - INFO - Incorrect password
2025-11-19 16:05:26,722- root - INFO - Incorrect password
2025-11-19 16:05:29,083- root - INFO - Login successful
2025-11-19 16:07:25,518- root - INFO - -------Activity started-------
2025-11-19 16:07:35,688- root - INFO - Login attempt
2025-11-19 16:07:35,690- root - INFO - Incorrect username
2025-11-19 16:07:42,622- root - INFO - Incorrect password
2025-11-19 16:07:45,854- root - INFO - Login successful
2025-11-19 16:07:52,423- root - INFO - Login attempt
2025-11-19 16:07:52,425- root - INFO - Incorrect username
2025-11-19 16:08:45,483- root - INFO - Login successful
2025-11-19 16:08:56,818- root - INFO - Login attempt
2025-11-19 16:08:56,821- root - INFO - login aborted
2025-11-19 16:16:13,908- root - INFO - -------Activity started-------
2025-11-19 16:16:22,156- root - INFO - Login attempt
2025-11-19 16:16:25,286- root - INFO - Login successful
2025-11-19 16:23:01,798- root - INFO - -------Activity started-------
2025-11-19 16:23:06,044- root - INFO - Login attempt
2025-11-19 16:23:07,817- root - INFO - Login successful
2025-11-19 16:23:13,561- root - INFO - Logged out
2025-11-19 16:23:16,601- root - INFO - -------Activity started-------
2025-11-19 16:23:21,607- root - INFO - Login attempt
2025-11-19 16:24:48,588- root - INFO - -------Activity started-------
2025-11-19 16:24:52,248- root - INFO - Login attempt
2025-11-19 16:25:01,812- root - INFO - Login attempt
2025-11-19 16:25:07,527- root - INFO - Login successful
2025-11-19 16:25:10,380- root - INFO - Logged out
2025-11-19 16:26:04,370- root - INFO - -------Activity started-------
2025-11-19 16:26:09,108- root - INFO - Login attempt
2025-11-19 16:26:29,938- root - INFO - Login attempt
2025-11-19 16:26:32,090- root - INFO - Login successful
2025-11-19 16:26:44,173- root - INFO - Logged out
2025-11-19 16:27:07,037- root - INFO - -------Activity started-------
2025-11-19 16:27:10,472- root - INFO - Login attempt
2025-11-19 16:27:16,481- root - INFO - Login successful
2025-11-19 16:27:18,635- root - INFO - Viewed expenses
2025-11-19 16:28:05,324- root - INFO - Logged out
2025-11-19 16:37:39,980- root - INFO - -------Activity started-------
2025-11-19 16:37:48,289- root - INFO - Login attempt
2025-11-19 16:37:58,577- root - INFO - Login attempt
2025-11-19 16:37:58,579- root - INFO - Incorrect username
2025-11-19 16:38:03,653- root - INFO - Login successful
2025-11-19 16:38:09,428- root - INFO - Viewed expenses
2025-11-19 16:38:37,628- root - INFO - Logged out
2025-11-20 14:53:50,685- root - INFO - -------Activity started-------
2025-11-24 14:57:18,317- root - INFO - Added expense
2025-11-24 14:57:20,271- root - INFO - Viewed expenses
2025-11-24 14:57:42,736- root - INFO - remove expense
2025-11-24 14:57:49,053- root - INFO - Viewed expenses
2025-11-24 14:57:52,021- root - INFO - Logged out
2025-11-24 14:59:57,948- root - INFO - remove expense
2025-11-24 15:00:04,291- root - INFO - Viewed expenses
2025-11-24 15:00:25,620- root - INFO - remove expense
2025-11-24 15:00:30,081- root - INFO - Viewed expenses
2025-11-24 15:01:00,553- root - INFO - Added expense
2025-11-24 15:01:34,885- root - INFO - remove expense
2025-11-24 15:01:38,917- root - INFO - Viewed expenses
2025-11-24 15:01:43,445- root - INFO - Logged out
2025-11-24 15:03:22,839- root - INFO - Viewed expenses
2025-11-24 15:03:55,963- root - INFO - Added expense
2025-11-24 15:03:57,903- root - INFO - Viewed expenses
2025-11-24 15:04:24,151- root - INFO - Logged out
2025-11-24 15:07:43,191- root - INFO - Viewed expenses
2025-11-24 15:08:11,289- root - INFO - Added expense
2025-11-24 15:08:12,699- root - INFO - Viewed expenses
2025-11-24 15:08:52,084- root - INFO - Logged out
2025-11-24 15:12:28,723- root - INFO - agraham logged in
2025-11-24 15:13:34,180- root - INFO - User agraham logged in
2025-11-24 15:14:11,044- root - INFO - Edited expense
2025-11-24 15:14:12,405- root - INFO - Viewed expenses
2025-11-24 15:14:18,923- root - INFO - Logged out
2025-11-30 22:35:43,315- root - INFO - User agraham logged in
2025-11-30 22:35:45,656- root - INFO - Viewed expenses
2025-11-30 22:36:27,769- root - INFO - Added expense
2025-11-30 22:36:29,664- root - INFO - Viewed expenses
2025-11-30 22:36:48,497- root - INFO - Logged out
2025-11-30 22:42:45,912- root - INFO - User agraham logged in
2025-11-30 22:43:01,017- root - INFO - Added expense
2025-11-30 22:43:03,980- root - INFO - Viewed expenses
2025-11-30 22:43:12,253- root - INFO - Logged out
2025-11-30 22:44:16,475- root - INFO - User agraham logged in
2025-11-30 22:44:17,839- root - INFO - Viewed expenses
2025-11-30 22:44:23,904- root - INFO - Logged out
2025-11-30 22:44:38,700- root - INFO - User agraham logged in
2025-11-30 22:44:55,230- root - INFO - Added expense
2025-11-30 22:44:58,361- root - INFO - Viewed expenses
2025-11-30 22:47:10,796- root - INFO - Logged out
2025-11-30 22:48:39,377- root - INFO - User agraham logged in
2025-11-30 22:48:55,387- root - INFO - Added expense
2025-11-30 22:48:56,963- root - INFO - Viewed expenses
2025-11-30 22:49:43,560- root - INFO - Added expense
2025-11-30 22:49:45,380- root - INFO - Viewed expenses
2025-11-30 22:49:56,211- root - INFO - Logged out
2025-12-01 14:59:30,626- root - INFO - User agraham logged in
2025-12-01 14:59:32,321- root - INFO - Viewed expenses
2025-12-01 14:59:46,287- root - INFO - Edited expense
2025-12-01 14:59:54,190- root - INFO - Logged out
2025-12-01 15:23:55,812- root - INFO - User jd1 logged in
2025-12-01 15:24:14,616- root - INFO - Added expense
2025-12-01 15:24:18,448- root - INFO - Logged out
2025-12-01 15:55:56,644- root - INFO - User agraham logged in
2025-12-01 15:56:20,106- root - INFO - Added expense
2025-12-01 15:56:22,464- root - INFO - Viewed processed expenses
2025-12-01 15:56:35,912- root - INFO - Logged out
2025-12-01 15:57:17,615- root - INFO - User agraham logged in
2025-12-01 15:58:52,141- root - INFO - User agraham logged in
2025-12-01 15:58:55,308- root - INFO - Viewed processed expenses
2025-12-01 15:59:11,600- root - INFO - Logged out
2025-12-01 15:59:39,240- root - INFO - User agraham logged in
2025-12-01 15:59:40,774- root - INFO - Viewed processed expenses
2025-12-01 16:00:00,816- root - INFO - Logged out
2025-12-01 16:05:30,355- root - INFO - User agraham logged in
2025-12-01 16:05:32,107- root - INFO - Viewed processed expenses
2025-12-01 16:05:47,701- root - INFO - Logged out
2025-12-01 22:02:46,310- root - INFO - User agraham logged in
2025-12-01 22:02:48,530- root - INFO - Viewed expenses
2025-12-01 22:03:18,511- root - INFO - Added expense
2025-12-01 22:03:21,337- root - INFO - Viewed expenses
2025-12-01 22:03:28,469- root - INFO - Logged out
2025-12-01 22:06:58,641- root - INFO - User agraham logged in
2025-12-01 22:07:00,379- root - INFO - Viewed expenses
2025-12-01 22:07:25,786- root - INFO - Logged out
2025-12-02 15:23:31,604- root - INFO - User aaron1 logged in
2025-12-02 15:24:49,369- root - INFO - Added expense
2025-12-02 15:24:51,430- root - INFO - Viewed expenses
2025-12-02 15:25:01,983- root - INFO - Logged out
2025-12-02 15:27:40,374- root - INFO - User aaron1 logged in
2025-12-02 15:28:03,845- root - INFO - Edited expense
2025-12-02 15:28:05,515- root - INFO - Viewed expenses
2025-12-02 15:28:16,315- root - INFO - Logged out
2025-12-02 15:29:03,457- root - INFO - User aaron1 logged in
2025-12-02 15:29:30,980- root - INFO - Edited expense
2025-12-02 15:29:36,648- root - INFO - Viewed expenses
2025-12-02 15:29:43,016- root - INFO - Logged out
2025-12-03 13:09:24,939- root - INFO - User agraham logged in
2025-12-03 13:10:56,536- root - INFO - User agraham logged in
2025-12-03 13:10:57,757- root - INFO - Viewed expenses
2025-12-03 13:11:37,404- root - INFO - Logged out
2025-12-03 13:13:40,027- root - INFO - User agraham logged in
2025-12-03 13:13:45,709- root - INFO - Viewed expenses
2025-12-03 13:14:23,251- root - INFO - User agraham logged in
2025-12-03 13:14:24,844- root - INFO - Viewed processed expenses
2025-12-03 13:15:06,940- root - INFO - Edited expense
2025-12-03 13:18:18,467- root - INFO - User agraham logged in
2025-12-03 13:18:33,094- root - INFO - Edited expense
2025-12-03 13:19:07,064- root - INFO - User agraham logged in
2025-12-03 13:19:20,476- root - INFO - Edited expense
2025-12-03 13:19:52,236- root - INFO - Edited expense
2025-12-03 13:19:54,848- root - INFO - Viewed expenses
2025-12-03 13:21:45,845- root - INFO - User agraham logged in
2025-12-03 13:21:57,345- root - INFO - Edited expense
2025-12-03 13:21:59,384- root - INFO - Viewed expenses
2025-12-03 13:22:44,312- root - INFO - Edited expense
2025-12-03 13:22:45,685- root - INFO - Viewed expenses
2025-12-03 13:22:57,139- root - INFO - Logged out
2025-12-03 13:28:36,923- root - INFO - User agraham logged in
2025-12-03 13:28:57,298- root - INFO - Edited expense
2025-12-03 13:29:02,738- root - INFO - Viewed expenses
2025-12-03 13:29:20,543- root - INFO - Edited expense
2025-12-03 13:29:22,239- root - INFO - Viewed expenses
2025-12-03 13:30:49,088- root - INFO - Logged out
2025-12-03 13:33:53,108- root - INFO - User agraham logged in
2025-12-03 13:34:17,373- root - INFO - Edited expense
2025-12-03 13:34:19,700- root - INFO - Viewed expenses
2025-12-03 13:34:53,001- root - INFO - Edited expense
2025-12-03 13:34:55,214- root - INFO - Viewed expenses
2025-12-03 13:35:40,703- root - INFO - Logged out

2025-12-03 22:26:38,328- root - INFO - Connected to database
2025-12-03 22:26:38,328- root - INFO - -----Activity Started-----
2025-12-03 22:27:05,247- root - INFO - get_username queried
2025-12-03 22:27:09,224- root - INFO - get_password queried
2025-12-03 22:27:09,224- root - INFO - get_name queried
2025-12-03 22:27:09,224- root - INFO - User jd1 logged in
2025-12-03 22:27:16,932- root - INFO - view_all_expenses queried
2025-12-03 22:27:16,940- root - INFO - Viewed expenses
2025-12-03 22:28:04,915- root - INFO - view_all_processed_expenses queried
2025-12-03 22:28:04,918- root - INFO - Viewed processed expenses
2025-12-03 22:29:25,185- root - INFO - add_expense queried
2025-12-03 22:29:25,187- root - INFO - Added expense
2025-12-03 22:29:28,060- root - INFO - view_all_expenses queried
2025-12-03 22:29:28,061- root - INFO - Viewed expenses
2025-12-03 22:29:46,220- root - INFO - view_all_pending_expenses queried
2025-12-03 22:29:56,723- root - INFO - get_expense queried
2025-12-03 22:29:56,724- root - INFO - get_expense_status queried
2025-12-03 22:30:12,017- root - INFO - edit_expense queried
2025-12-03 22:30:12,020- root - INFO - Edited expense
2025-12-03 22:30:14,071- root - INFO - view_all_expenses queried
2025-12-03 22:30:14,072- root - INFO - Viewed expenses
2025-12-03 22:30:21,228- root - INFO - view_all_pending_expenses queried
2025-12-03 22:30:25,928- root - INFO - get_expense queried
2025-12-03 22:30:25,928- root - INFO - get_expense_status queried
2025-12-03 22:30:25,928- root - INFO - Edited expense
2025-12-03 22:30:52,394- root - INFO - get_expense queried
2025-12-03 22:30:52,396- root - INFO - get_expense_status queried
2025-12-03 22:30:52,396- root - INFO - remove expense
2025-12-03 22:36:38,392- root - INFO - Connected to database
2025-12-03 22:36:38,393- root - INFO - -----Activity Started-----
2025-12-03 22:36:43,201- root - INFO - get_username queried
2025-12-03 22:36:47,688- root - INFO - get_password queried
2025-12-03 22:36:47,689- root - INFO - get_name queried
2025-12-03 22:36:47,689- root - INFO - User jd1 logged in
2025-12-03 22:37:09,317- root - INFO - get_expense queried
2025-12-03 22:37:16,473- root - INFO - get_expense queried
2025-12-03 22:37:16,473- root - INFO - get_expense_status queried
2025-12-03 22:37:16,473- root - INFO - remove expense
2025-12-03 22:38:42,258- root - INFO - Connected to database
2025-12-03 22:38:42,259- root - INFO - -----Activity Started-----
2025-12-03 22:39:03,528- root - INFO - Connected to database
2025-12-03 22:39:03,528- root - INFO - -----Activity Started-----
2025-12-03 22:39:11,220- root - INFO - get_username queried
2025-12-03 22:39:14,510- root - INFO - get_password queried
2025-12-03 22:39:14,510- root - INFO - get_name queried
2025-12-03 22:39:14,510- root - INFO - User jd1 logged in
2025-12-03 22:39:18,766- root - INFO - view_all_pending_expenses queried
2025-12-03 22:39:27,879- root - INFO - get_expense queried
2025-12-03 22:39:27,880- root - INFO - get_expense_status queried
2025-12-03 22:39:27,880- root - INFO - remove expense
2025-12-03 22:39:32,588- root - INFO - view_all_pending_expenses queried
2025-12-03 22:39:35,579- root - INFO - get_expense queried
2025-12-03 22:39:35,580- root - INFO - get_expense_status queried
2025-12-03 22:39:35,580- root - INFO - delete_expense queried
2025-12-03 22:39:35,581- root - INFO - remove expense
2025-12-03 22:39:39,197- root - INFO - view_all_expenses queried
2025-12-03 22:39:39,198- root - INFO - Viewed expenses
2025-12-03 22:39:55,981- root - INFO - Logged out
2025-12-03 22:40:12,356- root - INFO - Connected to database
2025-12-03 22:40:12,356- root - INFO - -----Activity Started-----
2025-12-03 22:40:19,607- root - INFO - get_username queried
2025-12-03 22:40:25,089- root - INFO - get_password queried
2025-12-03 22:40:25,089- root - INFO - get_name queried
2025-12-03 22:40:25,089- root - INFO - User agraham logged in
2025-12-03 22:40:29,597- root - INFO - view_all_expenses queried
2025-12-03 22:40:29,604- root - INFO - Viewed expenses
2025-12-03 22:41:09,705- root - INFO - view_all_pending_expenses queried
2025-12-03 22:41:16,213- root - INFO - get_expense queried
2025-12-03 22:41:16,213- root - INFO - get_expense_status queried
2025-12-03 22:41:30,953- root - INFO - Edited expense
2025-12-03 22:41:44,019- root - INFO - view_all_pending_expenses queried
2025-12-03 22:41:47,026- root - INFO - get_expense queried
2025-12-03 22:41:47,026- root - INFO - get_expense_status queried
2025-12-03 22:42:02,009- root - INFO - edit_expense queried
2025-12-03 22:42:02,011- root - INFO - Edited expense
2025-12-03 22:42:03,879- root - INFO - view_all_expenses queried
2025-12-03 22:42:03,880- root - INFO - Viewed expenses
2025-12-03 22:42:42,800- root - INFO - Logged out
2025-12-03 22:44:40,380- root - INFO - Connected to database
2025-12-03 22:44:43,706- root - INFO - Connected to database
2025-12-03 22:44:43,706- root - INFO - -----Activity Started-----
2025-12-03 22:44:52,118- root - INFO - get_username queried
2025-12-03 22:44:54,616- root - INFO - get_password queried
2025-12-03 22:44:54,616- root - INFO - get_name queried
2025-12-03 22:44:54,616- root - INFO - User agraham logged in
2025-12-03 22:44:56,441- root - INFO - view_all_expenses queried
2025-12-03 22:47:25,716- root - INFO - Connected to database
2025-12-03 22:47:29,253- root - INFO - Connected to database
2025-12-03 22:47:29,253- root - INFO - -----Activity Started-----
2025-12-03 22:47:36,462- root - INFO - get_username queried
2025-12-03 22:47:40,158- root - INFO - get_password queried
2025-12-03 22:47:40,158- root - INFO - get_name queried
2025-12-03 22:47:40,158- root - INFO - User jd1 logged in
2025-12-03 22:47:41,939- root - INFO - view_all_expenses queried
2025-12-03 22:47:41,946- root - INFO - Viewed expenses
2025-12-03 22:47:44,845- root - INFO - view_all_processed_expenses queried
2025-12-03 22:47:44,846- root - INFO - Viewed processed expenses
2025-12-03 22:47:50,653- root - INFO - view_all_pending_expenses queried
2025-12-03 22:47:56,062- root - INFO - get_expense queried
2025-12-03 22:48:00,261- root - INFO - get_expense queried
2025-12-03 22:48:01,389- root - INFO - get_expense queried
2025-12-03 22:48:03,202- root - INFO - get_expense queried
2025-12-03 22:48:07,490- root - INFO - get_expense queried
2025-12-03 22:48:07,491- root - INFO - get_expense_status queried
2025-12-03 22:48:07,492- root - INFO - remove expense
2025-12-03 22:49:09,950- root - INFO - Connected to database
2025-12-03 22:49:14,821- root - INFO - Connected to database
2025-12-03 22:49:14,821- root - INFO - -----Activity Started-----
2025-12-03 22:49:23,482- root - INFO - get_username queried
2025-12-03 22:49:29,871- root - INFO - get_password queried
2025-12-03 22:49:29,872- root - INFO - get_name queried
2025-12-03 22:49:29,872- root - INFO - User jd1 logged in
2025-12-03 22:49:33,090- root - INFO - view_all_pending_expenses queried
2025-12-03 22:49:36,084- root - INFO - get_expense queried
2025-12-03 22:49:38,975- root - INFO - get_expense queried
2025-12-03 22:49:39,982- root - INFO - get_expense queried
2025-12-03 22:51:29,470- root - INFO - Connected to database
2025-12-03 22:51:32,318- root - INFO - Connected to database
2025-12-03 22:51:32,318- root - INFO - -----Activity Started-----
2025-12-03 22:51:35,569- root - INFO - get_username queried
2025-12-03 22:51:38,657- root - INFO - get_password queried
2025-12-03 22:51:38,657- root - INFO - get_name queried
2025-12-03 22:51:38,657- root - INFO - User jd1 logged in
2025-12-03 22:51:40,984- root - INFO - view_all_pending_expenses queried
2025-12-03 22:51:56,685- root - INFO - Connected to database
2025-12-03 22:51:59,429- root - INFO - Connected to database
2025-12-03 22:51:59,430- root - INFO - -----Activity Started-----
2025-12-03 22:52:02,204- root - INFO - get_username queried
2025-12-03 22:52:07,278- root - INFO - get_password queried
2025-12-03 22:52:07,278- root - INFO - get_name queried
2025-12-03 22:52:07,278- root - INFO - User jd1 logged in
2025-12-03 22:52:11,310- root - INFO - view_all_pending_expenses queried
2025-12-03 22:52:27,306- root - INFO - Connected to database
2025-12-03 22:52:29,781- root - INFO - Connected to database
2025-12-03 22:52:29,781- root - INFO - -----Activity Started-----
2025-12-03 22:52:32,942- root - INFO - get_username queried
2025-12-03 22:52:36,905- root - INFO - get_password queried
2025-12-03 22:52:36,905- root - INFO - get_name queried
2025-12-03 22:52:36,905- root - INFO - User jd1 logged in
2025-12-03 22:52:39,263- root - INFO - view_all_pending_expenses queried
2025-12-03 22:52:58,374- root - INFO - Connected to database
2025-12-03 22:53:01,149- root - INFO - Connected to database
2025-12-03 22:53:01,149- root - INFO - -----Activity Started-----
2025-12-03 22:53:03,833- root - INFO - get_username queried
2025-12-03 22:53:07,028- root - INFO - get_password queried
2025-12-03 22:53:07,028- root - INFO - get_name queried
2025-12-03 22:53:07,029- root - INFO - User jd1 logged in
2025-12-03 22:53:10,088- root - INFO - view_all_pending_expenses queried
2025-12-03 22:53:29,002- root - INFO - Connected to database
2025-12-03 22:53:30,980- root - INFO - Connected to database
2025-12-03 22:53:30,980- root - INFO - -----Activity Started-----
2025-12-03 22:53:35,488- root - INFO - get_username queried
2025-12-03 22:53:39,566- root - INFO - get_password queried
2025-12-03 22:53:39,567- root - INFO - get_name queried
2025-12-03 22:53:39,567- root - INFO - User jd1 logged in
2025-12-03 22:53:40,878- root - INFO - view_all_pending_expenses queried
2025-12-03 22:53:53,637- root - INFO - Connected to database
2025-12-03 22:53:53,637- root - INFO - -----Activity Started-----
2025-12-03 22:54:04,964- root - INFO - get_username queried
2025-12-03 22:54:07,762- root - INFO - get_password queried
2025-12-03 22:54:07,763- root - INFO - get_name queried
2025-12-03 22:54:07,763- root - INFO - User jd1 logged in
2025-12-03 22:54:09,299- root - INFO - view_all_pending_expenses queried
2025-12-03 22:55:42,604- root - INFO - Connected to database
2025-12-03 22:55:45,691- root - INFO - Connected to database
2025-12-03 22:55:45,692- root - INFO - -----Activity Started-----
2025-12-03 22:55:49,519- root - INFO - get_username queried
2025-12-03 22:55:52,832- root - INFO - get_password queried
2025-12-03 22:55:52,832- root - INFO - get_name queried
2025-12-03 22:55:52,832- root - INFO - User jd1 logged in
2025-12-03 22:55:54,326- root - INFO - view_all_pending_expenses queried
2025-12-03 22:56:14,083- root - INFO - Connected to database
2025-12-03 22:56:14,083- root - INFO - -----Activity Started-----
2025-12-03 22:56:19,067- root - INFO - get_username queried
2025-12-03 22:56:21,371- root - INFO - get_password queried
2025-12-03 22:56:21,371- root - INFO - get_name queried
2025-12-03 22:56:21,371- root - INFO - User jd1 logged in
2025-12-03 22:56:27,053- root - INFO - view_all_pending_expenses queried
2025-12-03 23:00:03,459- root - INFO - Connected to database
2025-12-03 23:00:03,459- root - INFO - -----Activity Started-----
2025-12-03 23:00:06,845- root - INFO - get_username queried
2025-12-03 23:00:09,856- root - INFO - get_password queried
2025-12-03 23:00:09,856- root - INFO - get_name queried
2025-12-03 23:00:09,856- root - INFO - User jd1 logged in
2025-12-03 23:00:11,302- root - INFO - view_all_pending_expenses queried
2025-12-03 23:00:11,303- root - INFO - Edited expense
2025-12-03 23:00:20,777- root - INFO - Logged out
2025-12-03 23:03:29,501- root - INFO - Connected to database
2025-12-03 23:05:28,059- root - INFO - Connected to database
2025-12-03 23:05:28,060- root - INFO - -----Activity Started-----
2025-12-03 23:05:32,535- root - INFO - get_username queried
2025-12-03 23:05:35,163- root - INFO - get_password queried
2025-12-03 23:05:35,164- root - INFO - get_name queried
2025-12-03 23:05:35,164- root - INFO - User agraham logged in
2025-12-03 23:05:39,688- root - INFO - view_all_processed_expenses queried
2025-12-03 23:05:39,695- root - INFO - Viewed processed expenses
2025-12-03 23:06:15,239- root - INFO - Logged out
